<?xml version="1.0" encoding="UTF-8"?>
<testsuite name="org.meshly.app.data.repository.AccountRepositoryTest" tests="4" skipped="0" failures="0" errors="0" timestamp="2026-07-22T13:51:02" hostname="kali" time="2.699">
  <properties/>
  <testcase name="exportAccountBackup embeds the jami id" classname="org.meshly.app.data.repository.AccountRepositoryTest" time="2.591"/>
  <testcase name="hasAccount is false before any account is created" classname="org.meshly.app.data.repository.AccountRepositoryTest" time="0.032"/>
  <testcase name="loadOrInitAccount creates and persists a jami id keypair on first launch" classname="org.meshly.app.data.repository.AccountRepositoryTest" time="0.036"/>
  <testcase name="loadOrInitAccount reuses the persisted jami id across app restarts" classname="org.meshly.app.data.repository.AccountRepositoryTest" time="0.04"/>
  <system-out><![CDATA[]]></system-out>
  <system-err><![CDATA[]]></system-err>
</testsuite>
