<?xml version="1.0" encoding="UTF-8"?>
<testsuite name="org.meshly.app.data.repository.ContactRepositoryTest" tests="3" skipped="0" failures="0" errors="0" timestamp="2026-07-22T13:51:01" hostname="kali" time="0.005">
  <properties/>
  <testcase name="addContactRequest starts a contact as pending outgoing" classname="org.meshly.app.data.repository.ContactRepositoryTest" time="0.003"/>
  <testcase name="acceptContactRequest transitions pending incoming to confirmed" classname="org.meshly.app.data.repository.ContactRepositoryTest" time="0.001"/>
  <testcase name="removeContact deletes the contact from the list" classname="org.meshly.app.data.repository.ContactRepositoryTest" time="0.001"/>
  <system-out><![CDATA[]]></system-out>
  <system-err><![CDATA[]]></system-err>
</testsuite>
